<?xml version="1.0" encoding="UTF-8"?>
<Site BuildName="(empty)"
	BuildStamp="20250821-2320-Experimental"
	Name="(empty)"
	Generator="ctest-4.1.0"
	CompilerName=""
	CompilerVersion=""
	OSName="macOS"
	Hostname="sais-air-2.wireless-1x.unc.edu"
	OSRelease="14.5"
	OSVersion="23F79"
	OSPlatform="arm64"
	Is64Bits="1"
	VendorString="Apple"
	VendorID="Apple"
	FamilyID="0"
	ModelID="0"
	ModelName="Apple M1"
	ProcessorCacheSize="131072"
	NumberOfLogicalCPU="8"
	NumberOfPhysicalCPU="8"
	TotalVirtualMemory="2048"
	TotalPhysicalMemory="8192"
	LogicalProcessorsPerPhysical="8"
	ProcessorClockFrequency="0"
	>
	<Testing>
		<StartDateTime>Aug 26 21:50 EDT</StartDateTime>
		<StartTestTime>1756259447</StartTestTime>
		<TestList/>
		<EndDateTime>Aug 26 21:50 EDT</EndDateTime>
		<EndTestTime>1756259447</EndTestTime>
		<ElapsedMinutes>0</ElapsedMinutes>
	</Testing>
</Site>
